Info: Generated by version: 19.4 build 64
Info: Starting: Create block symbol file (.bsf)
Info: qsys-generate /home/xiyingd/SRAM_SC/ip/SRAM_SC/SRAM_SC_ram_1port_0.ip --block-symbol-file --output-directory=/home/xiyingd/SRAM_SC/ip/SRAM_SC/SRAM_SC_ram_1port_0 --family="Stratix 10" --part=1SM21CHU2F53E2VG
: SRAM_SC_ram_1port_0.ram_1port_0: Targeting device family: Stratix 10.
: SRAM_SC_ram_1port_0.ram_1port_0: In 'Performance Optimization' tab, Stratix 10 does not support 'Timing/Power Optimization' feature.
Info: qsys-generate succeeded.
Info: Finished: Create block symbol file (.bsf)
Info: 
Info: Starting: Create HDL design files for synthesis
Info: qsys-generate /home/xiyingd/SRAM_SC/ip/SRAM_SC/SRAM_SC_ram_1port_0.ip --synthesis=VERILOG --output-directory=/home/xiyingd/SRAM_SC/ip/SRAM_SC/SRAM_SC_ram_1port_0 --family="Stratix 10" --part=1SM21CHU2F53E2VG
: SRAM_SC_ram_1port_0.ram_1port_0: Targeting device family: Stratix 10.
: SRAM_SC_ram_1port_0.ram_1port_0: In 'Performance Optimization' tab, Stratix 10 does not support 'Timing/Power Optimization' feature.
Info: SRAM_SC_ram_1port_0: "Transforming system: SRAM_SC_ram_1port_0"
Info: SRAM_SC_ram_1port_0: "Naming system components in system: SRAM_SC_ram_1port_0"
Info: SRAM_SC_ram_1port_0: "Processing generation queue"
Info: SRAM_SC_ram_1port_0: "Generating: SRAM_SC_ram_1port_0"
Info: SRAM_SC_ram_1port_0: "Generating: SRAM_SC_ram_1port_0_ram_1port_2000_aotolga"
Info: SRAM_SC_ram_1port_0: Done "SRAM_SC_ram_1port_0" with 2 modules, 2 files
Info: qsys-generate succeeded.
Info: Finished: Create HDL design files for synthesis
